<?xml version="1.0" encoding="UTF-8"?>
<testsuite xmlns:xsi="http://www.w3.org/2001/XMLSchema-instance" xsi:noNamespaceSchemaLocation="https://maven.apache.org/surefire/maven-surefire-plugin/xsd/surefire-test-report-3.0.xsd" version="3.0" name="InventoryAllocatorTest" time="0.054" tests="9" errors="0" skipped="0" failures="0">
  <properties>
    <property name="sun.desktop" value="windows"/>
    <property name="awt.toolkit" value="sun.awt.windows.WToolkit"/>
    <property name="java.specification.version" value="9"/>
    <property name="file.encoding.pkg" value="sun.io"/>
    <property name="sun.cpu.isalist" value="amd64"/>
    <property name="sun.jnu.encoding" value="Cp1252"/>
    <property name="java.class.path" value="C:\Users\Kapil\eclipse-workspace\recruiting-exercises\inventory-allocator\target\test-classes;C:\Users\Kapil\eclipse-workspace\recruiting-exercises\inventory-allocator\target\classes;C:\Users\Kapil\.m2\repository\org\junit\jupiter\junit-jupiter-engine\5.0.2\junit-jupiter-engine-5.0.2.jar;C:\Users\Kapil\.m2\repository\org\junit\platform\junit-platform-engine\1.0.2\junit-platform-engine-1.0.2.jar;C:\Users\Kapil\.m2\repository\org\junit\platform\junit-platform-commons\1.0.2\junit-platform-commons-1.0.2.jar;C:\Users\Kapil\.m2\repository\org\opentest4j\opentest4j\1.0.0\opentest4j-1.0.0.jar;C:\Users\Kapil\.m2\repository\org\junit\jupiter\junit-jupiter-api\5.0.2\junit-jupiter-api-5.0.2.jar;"/>
    <property name="java.vm.vendor" value="Oracle Corporation"/>
    <property name="sun.arch.data.model" value="64"/>
    <property name="user.variant" value=""/>
    <property name="java.vendor.url" value="http://java.oracle.com/"/>
    <property name="user.timezone" value="America/New_York"/>
    <property name="java.vm.specification.version" value="9"/>
    <property name="os.name" value="Windows 10"/>
    <property name="sun.java.launcher" value="SUN_STANDARD"/>
    <property name="user.country" value="US"/>
    <property name="sun.boot.library.path" value="C:\Program Files\Java\jdk-9.0.4\bin"/>
    <property name="sun.java.command" value="C:\Users\Kapil\AppData\Local\Temp\surefire4078975926212560191\surefirebooter5133636773526987099.jar C:\Users\Kapil\AppData\Local\Temp\surefire4078975926212560191 2019-06-15T20-35-03_647-jvmRun1 surefire6818670236967608014tmp surefire_05273987877445391405tmp"/>
    <property name="jdk.debug" value="release"/>
    <property name="surefire.test.class.path" value="C:\Users\Kapil\eclipse-workspace\recruiting-exercises\inventory-allocator\target\test-classes;C:\Users\Kapil\eclipse-workspace\recruiting-exercises\inventory-allocator\target\classes;C:\Users\Kapil\.m2\repository\org\junit\jupiter\junit-jupiter-engine\5.0.2\junit-jupiter-engine-5.0.2.jar;C:\Users\Kapil\.m2\repository\org\junit\platform\junit-platform-engine\1.0.2\junit-platform-engine-1.0.2.jar;C:\Users\Kapil\.m2\repository\org\junit\platform\junit-platform-commons\1.0.2\junit-platform-commons-1.0.2.jar;C:\Users\Kapil\.m2\repository\org\opentest4j\opentest4j\1.0.0\opentest4j-1.0.0.jar;C:\Users\Kapil\.m2\repository\org\junit\jupiter\junit-jupiter-api\5.0.2\junit-jupiter-api-5.0.2.jar;"/>
    <property name="sun.cpu.endian" value="little"/>
    <property name="user.home" value="C:\Users\Kapil"/>
    <property name="user.language" value="en"/>
    <property name="java.specification.vendor" value="Oracle Corporation"/>
    <property name="java.home" value="C:\Program Files\Java\jdk-9.0.4"/>
    <property name="file.separator" value="\"/>
    <property name="basedir" value="C:\Users\Kapil\eclipse-workspace\recruiting-exercises\inventory-allocator"/>
    <property name="java.vm.compressedOopsMode" value="32-bit"/>
    <property name="line.separator" value="&#10;"/>
    <property name="java.vm.specification.vendor" value="Oracle Corporation"/>
    <property name="java.specification.name" value="Java Platform API Specification"/>
    <property name="java.awt.graphicsenv" value="sun.awt.Win32GraphicsEnvironment"/>
    <property name="surefire.real.class.path" value="C:\Users\Kapil\AppData\Local\Temp\surefire4078975926212560191\surefirebooter5133636773526987099.jar"/>
    <property name="user.script" value=""/>
    <property name="sun.management.compiler" value="HotSpot 64-Bit Tiered Compilers"/>
    <property name="java.runtime.version" value="9.0.4+11"/>
    <property name="user.name" value="Kapil"/>
    <property name="path.separator" value=";"/>
    <property name="os.version" value="10.0"/>
    <property name="java.runtime.name" value="Java(TM) SE Runtime Environment"/>
    <property name="file.encoding" value="Cp1252"/>
    <property name="java.vm.name" value="Java HotSpot(TM) 64-Bit Server VM"/>
    <property name="localRepository" value="C:\Users\Kapil\.m2\repository"/>
    <property name="java.vendor.url.bug" value="http://bugreport.java.com/bugreport/"/>
    <property name="java.io.tmpdir" value="C:\Users\Kapil\AppData\Local\Temp\"/>
    <property name="java.version" value="9.0.4"/>
    <property name="user.dir" value="C:\Users\Kapil\eclipse-workspace\recruiting-exercises\inventory-allocator"/>
    <property name="os.arch" value="amd64"/>
    <property name="java.vm.specification.name" value="Java Virtual Machine Specification"/>
    <property name="java.awt.printerjob" value="sun.awt.windows.WPrinterJob"/>
    <property name="sun.os.patch.level" value=""/>
    <property name="java.library.path" value="C:\Program Files\Java\jdk-9.0.4\bin;C:\WINDOWS\Sun\Java\bin;C:\WINDOWS\system32;C:\WINDOWS;C:\Users\Kapil\bin;C:\Program Files\Git\mingw64\bin;C:\Program Files\Git\usr\local\bin;C:\Program Files\Git\usr\bin;C:\Program Files\Git\usr\bin;C:\Program Files\Git\mingw64\bin;C:\Program Files\Git\usr\bin;C:\Users\Kapil\bin;C:\Program Files (x86)\Common Files\Oracle\Java\javapath;C:\ProgramData\Oracle\Java\javapath;C:\Windows\system32;C:\Windows;C:\Windows\System32\Wbem;C:\Windows\System32\WindowsPowerShell\v1.0;C:\Program Files (x86)\NVIDIA Corporation\PhysX\Common;C:\Program Files\nodejs;C:\WINDOWS\system32;C:\WINDOWS;C:\WINDOWS\System32\Wbem;C:\WINDOWS\System32\WindowsPowerShell\v1.0;C:\HashiCorp\Vagrant\bin;C:\Program Files\Java\jdk-9.0.4\bin;C:\Program Files\Git\cmd;C:\Program Files\Microsoft SQL Server\Client SDK\ODBC\130\Tools\Binn;C:\Program Files (x86)\Microsoft SQL Server\140\Tools\Binn;C:\Program Files\Microsoft SQL Server\140\Tools\Binn;C:\Program Files\Microsoft SQL Server\140\DTS\Binn;C:\Program Files\MySQL\MySQL Utilities 1.6;C:\WINDOWS\System32\OpenSSH;C:\Tools\zookeeper-3.4.12\bin;C:\Python\Python37-32;C:\Program Files\PuTTY;C:\Program Files\NVIDIA Corporation\NVIDIA NvDLISR;C:\Program Files (x86)\Intel\Intel(R) Management Engine Components\DAL;C:\Program Files\Intel\Intel(R) Management Engine Components\DAL;C:\Program Files\Intel\WiFi\bin;C:\Program Files\Common Files\Intel\WirelessCommon;C:\Program Files\MongoDB\Server\3.6\bin;C:\Users\Kapil\AppData\Local\atom\bin;C:\Users\Kapil\AppData\Local\GitHubDesktop\bin;C:\Users\Kapil\AppData\Roaming\npm\node_modules\nodemon\bin;C:\Users\Kapil\AppData\Local\Programs\Python\Python37-32;C:\Users\Kapil\AppData\Local\Programs\Python\Python37-32\Scripts;C:\Apps\Apache\apache-maven-3.5.4\bin;C:\Users\Kapil\Documents\GitHub\SimpleDB;C:\Program Files\Git\usr\bin\vendor_perl;C:\Program Files\Git\usr\bin\core_perl;."/>
    <property name="java.vm.info" value="mixed mode"/>
    <property name="java.vendor" value="Oracle Corporation"/>
    <property name="java.vm.version" value="9.0.4+11"/>
    <property name="sun.io.unicode.encoding" value="UnicodeLittle"/>
    <property name="java.class.version" value="53.0"/>
  </properties>
  <testcase name="testGetCheapestShipment_NoOrderedItemAvailable" classname="InventoryAllocatorTest" time="0.01"/>
  <testcase name="testGetCheapestShipment_NullWarehouseList" classname="InventoryAllocatorTest" time="0"/>
  <testcase name="testGetCheapestShipment_NoOrderedItem" classname="InventoryAllocatorTest" time="0.002"/>
  <testcase name="testGetCheapestShipment_NoWarehouses" classname="InventoryAllocatorTest" time="0.001"/>
  <testcase name="testGetCheapestShipment_AllOrderedItemsAvailableAndSpreadOut" classname="InventoryAllocatorTest" time="0.001"/>
  <testcase name="testGetCheapestShipment_SomeOrderedItemsAvailable" classname="InventoryAllocatorTest" time="0.003"/>
  <testcase name="testGetCheapestShipment_LessQuantityAvailableInWarehouses" classname="InventoryAllocatorTest" time="0"/>
  <testcase name="testGetCheapestShipment_NullOrder" classname="InventoryAllocatorTest" time="0.001"/>
  <testcase name="testGetCheapestShipment_AllOrderedItemsAvailableInOneWarehouse" classname="InventoryAllocatorTest" time="0"/>
</testsuite>